2011/03/03 08:40:57 [error] [php] Trying to get property of non-object (D:\wamp\www\test2\protected\views\layouts\main.php:32)
Stack trace:
#0 D:\wamp\www\yii\framework\web\widgets\CContentDecorator.php(78): SiteController->renderFile()
#1 D:\wamp\www\yii\framework\web\widgets\CContentDecorator.php(56): CContentDecorator->decorate()
#2 D:\wamp\www\yii\framework\web\widgets\COutputProcessor.php(45): CContentDecorator->processOutput()
#3 D:\wamp\www\yii\framework\web\CBaseController.php(199): CContentDecorator->run()
#4 D:\wamp\www\yii\framework\web\CBaseController.php(294): SiteController->endWidget()
#5 D:\wamp\www\test2\protected\views\layouts\column1.php(7): SiteController->endContent()
#6 D:\wamp\www\yii\framework\web\CBaseController.php(119): require()
#7 D:\wamp\www\yii\framework\web\CBaseController.php(88): SiteController->renderInternal()
#8 D:\wamp\www\yii\framework\web\CController.php(748): SiteController->renderFile()
#9 D:\wamp\www\test2\protected\controllers\SiteController.php(32): SiteController->render()
#10 D:\wamp\www\yii\framework\web\actions\CInlineAction.php(57): SiteController->actionIndex()
#11 D:\wamp\www\yii\framework\web\CController.php(300): CInlineAction->run()
#12 D:\wamp\www\yii\framework\web\CController.php(278): SiteController->runAction()
#13 D:\wamp\www\yii\framework\web\CController.php(257): SiteController->runActionWithFilters()
#14 D:\wamp\www\yii\framework\web\CWebApplication.php(328): SiteController->run()
#15 D:\wamp\www\yii\framework\web\CWebApplication.php(121): CWebApplication->runController()
#16 D:\wamp\www\yii\framework\base\CApplication.php(155): CWebApplication->processRequest()
#17 D:\wamp\www\test2\index.php(13): CWebApplication->run()
REQUEST_URI=/test2/index.php
in D:\wamp\www\test2\protected\views\layouts\main.php (32)
in D:\wamp\www\test2\protected\views\layouts\column1.php (7)
in D:\wamp\www\test2\protected\controllers\SiteController.php (32)
2011/03/03 15:42:55 [error] [php] mail() [<a href='function.mail'>function.mail</a>]: Failed to connect to mailserver at &quot;localhost&quot; port 25, verify your &quot;SMTP&quot; and &quot;smtp_port&quot; setting in php.ini or use ini_set() (D:\wamp\www\test2\protected\modules\user\UserModule.php:186)
Stack trace:
#0 D:\wamp\www\yii\framework\web\actions\CInlineAction.php(57): RegistrationController->actionRegistration()
#1 D:\wamp\www\yii\framework\web\CController.php(300): CInlineAction->run()
#2 D:\wamp\www\yii\framework\web\CController.php(278): RegistrationController->runAction()
#3 D:\wamp\www\yii\framework\web\CController.php(257): RegistrationController->runActionWithFilters()
#4 D:\wamp\www\yii\framework\web\CWebApplication.php(328): RegistrationController->run()
#5 D:\wamp\www\yii\framework\web\CWebApplication.php(121): CWebApplication->runController()
#6 D:\wamp\www\yii\framework\base\CApplication.php(155): CWebApplication->processRequest()
#7 D:\wamp\www\test2\index.php(13): CWebApplication->run()
REQUEST_URI=/test2/index.php?r=user/registration
in D:\wamp\www\test2\protected\modules\user\UserModule.php (186)
in D:\wamp\www\test2\protected\modules\user\controllers\RegistrationController.php (50)
in D:\wamp\www\test2\index.php (13)
2011/03/04 05:59:37 [error] [exception.CException] exception 'CException' with message 'Property "User.owner" is not defined.' in D:\wamp\www\yii\framework\base\CComponent.php:131
Stack trace:
#0 D:\wamp\www\yii\framework\db\ar\CActiveRecord.php(110): CComponent->__get('owner')
#1 D:\wamp\www\test2\protected\modules\user\views\profile\profile.php(31): CActiveRecord->__get('owner')
#2 D:\wamp\www\yii\framework\web\CBaseController.php(119): require('D:\wamp\www\tes...')
#3 D:\wamp\www\yii\framework\web\CBaseController.php(88): CBaseController->renderInternal('D:\wamp\www\tes...', Array, true)
#4 D:\wamp\www\yii\framework\web\CController.php(833): CBaseController->renderFile('D:\wamp\www\tes...', Array, true)
#5 D:\wamp\www\yii\framework\web\CController.php(746): CController->renderPartial('profile', Array, true)
#6 D:\wamp\www\test2\protected\modules\user\controllers\ProfileController.php(20): CController->render('profile', Array)
#7 D:\wamp\www\yii\framework\web\actions\CInlineAction.php(57): ProfileController->actionProfile()
#8 D:\wamp\www\yii\framework\web\CController.php(300): CInlineAction->run()
#9 D:\wamp\www\yii\framework\web\CController.php(278): CController->runAction(Object(CInlineAction))
#10 D:\wamp\www\yii\framework\web\CController.php(257): CController->runActionWithFilters(Object(CInlineAction), Array)
#11 D:\wamp\www\yii\framework\web\CWebApplication.php(328): CController->run('')
#12 D:\wamp\www\yii\framework\web\CWebApplication.php(121): CWebApplication->runController('user/profile')
#13 D:\wamp\www\yii\framework\base\CApplication.php(155): CWebApplication->processRequest()
#14 D:\wamp\www\test2\index.php(13): CApplication->run()
#15 {main} REQUEST_URI=/test2/index.php?r=user/profile
2011/03/04 06:17:23 [error] [exception.CException] exception 'CException' with message 'Property "User.owner" is not defined.' in D:\wamp\www\yii\framework\base\CComponent.php:131
Stack trace:
#0 D:\wamp\www\yii\framework\db\ar\CActiveRecord.php(110): CComponent->__get('owner')
#1 D:\wamp\www\test2\protected\modules\user\views\profile\profile.php(40): CActiveRecord->__get('owner')
#2 D:\wamp\www\yii\framework\web\CBaseController.php(119): require('D:\wamp\www\tes...')
#3 D:\wamp\www\yii\framework\web\CBaseController.php(88): CBaseController->renderInternal('D:\wamp\www\tes...', Array, true)
#4 D:\wamp\www\yii\framework\web\CController.php(833): CBaseController->renderFile('D:\wamp\www\tes...', Array, true)
#5 D:\wamp\www\yii\framework\web\CController.php(746): CController->renderPartial('profile', Array, true)
#6 D:\wamp\www\test2\protected\modules\user\controllers\ProfileController.php(20): CController->render('profile', Array)
#7 D:\wamp\www\yii\framework\web\actions\CInlineAction.php(57): ProfileController->actionProfile()
#8 D:\wamp\www\yii\framework\web\CController.php(300): CInlineAction->run()
#9 D:\wamp\www\yii\framework\web\CController.php(278): CController->runAction(Object(CInlineAction))
#10 D:\wamp\www\yii\framework\web\CController.php(257): CController->runActionWithFilters(Object(CInlineAction), Array)
#11 D:\wamp\www\yii\framework\web\CWebApplication.php(328): CController->run('')
#12 D:\wamp\www\yii\framework\web\CWebApplication.php(121): CWebApplication->runController('user/profile')
#13 D:\wamp\www\yii\framework\base\CApplication.php(155): CWebApplication->processRequest()
#14 D:\wamp\www\test2\index.php(13): CApplication->run()
#15 {main} REQUEST_URI=/test2/index.php?r=user/profile
2011/03/04 06:19:42 [error] [exception.CException] exception 'CException' with message 'Property "ProfileField.owner" is not defined.' in D:\wamp\www\yii\framework\base\CComponent.php:131
Stack trace:
#0 D:\wamp\www\yii\framework\db\ar\CActiveRecord.php(110): CComponent->__get('owner')
#1 D:\wamp\www\test2\protected\modules\user\views\profile\profile.php(31): CActiveRecord->__get('owner')
#2 D:\wamp\www\yii\framework\web\CBaseController.php(119): require('D:\wamp\www\tes...')
#3 D:\wamp\www\yii\framework\web\CBaseController.php(88): CBaseController->renderInternal('D:\wamp\www\tes...', Array, true)
#4 D:\wamp\www\yii\framework\web\CController.php(833): CBaseController->renderFile('D:\wamp\www\tes...', Array, true)
#5 D:\wamp\www\yii\framework\web\CController.php(746): CController->renderPartial('profile', Array, true)
#6 D:\wamp\www\test2\protected\modules\user\controllers\ProfileController.php(20): CController->render('profile', Array)
#7 D:\wamp\www\yii\framework\web\actions\CInlineAction.php(57): ProfileController->actionProfile()
#8 D:\wamp\www\yii\framework\web\CController.php(300): CInlineAction->run()
#9 D:\wamp\www\yii\framework\web\CController.php(278): CController->runAction(Object(CInlineAction))
#10 D:\wamp\www\yii\framework\web\CController.php(257): CController->runActionWithFilters(Object(CInlineAction), Array)
#11 D:\wamp\www\yii\framework\web\CWebApplication.php(328): CController->run('')
#12 D:\wamp\www\yii\framework\web\CWebApplication.php(121): CWebApplication->runController('user/profile')
#13 D:\wamp\www\yii\framework\base\CApplication.php(155): CWebApplication->processRequest()
#14 D:\wamp\www\test2\index.php(13): CApplication->run()
#15 {main} REQUEST_URI=/test2/index.php?r=user/profile
2011/03/16 15:28:46 [error] [exception.CDbException] exception 'CDbException' with message 'CDbConnection failed to open the DB connection: SQLSTATE[HY000] [2003] Can't connect to MySQL server on 'localhost' (10061)' in D:\wamp\www\yii\framework\db\CDbConnection.php:287
Stack trace:
#0 D:\wamp\www\yii\framework\db\CDbConnection.php(260): CDbConnection->open()
#1 D:\wamp\www\yii\framework\db\CDbConnection.php(238): CDbConnection->setActive(true)
#2 D:\wamp\www\yii\framework\base\CModule.php(372): CDbConnection->init()
#3 D:\wamp\www\yii\framework\base\CApplication.php(426): CModule->getComponent('db')
#4 D:\wamp\www\yii\framework\db\ar\CActiveRecord.php(589): CApplication->getDb()
#5 D:\wamp\www\yii\framework\db\ar\CActiveRecord.php(2167): CActiveRecord->getDbConnection()
#6 D:\wamp\www\yii\framework\db\ar\CActiveRecord.php(353): CActiveRecordMetaData->__construct(Object(User))
#7 D:\wamp\www\test2\protected\modules\user\models\User.php(28): CActiveRecord::model('User')
#8 D:\wamp\www\test2\protected\modules\user\UserModule.php(169): User::model()
#9 D:\wamp\www\test2\protected\modules\user\controllers\ProfileFieldController.php(37): UserModule::getAdmins()
#10 D:\wamp\www\yii\framework\web\CController.php(1087): ProfileFieldController->accessRules()
#11 D:\wamp\www\yii\framework\web\filters\CInlineFilter.php(59): CController->filterAccessControl(Object(CFilterChain))
#12 D:\wamp\www\yii\framework\web\filters\CFilterChain.php(130): CInlineFilter->filter(Object(CFilterChain))
#13 D:\wamp\www\yii\framework\web\CController.php(283): CFilterChain->run()
#14 D:\wamp\www\yii\framework\web\CController.php(257): CController->runActionWithFilters(Object(CInlineAction), Array)
#15 D:\wamp\www\yii\framework\web\CWebApplication.php(328): CController->run('admin')
#16 D:\wamp\www\yii\framework\web\CWebApplication.php(121): CWebApplication->runController('user/profileFie...')
#17 D:\wamp\www\yii\framework\base\CApplication.php(155): CWebApplication->processRequest()
#18 D:\wamp\www\test2\index.php(13): CApplication->run()
#19 {main} REQUEST_URI=/test2/index.php?r=user/profileField/admin
2011/03/22 07:54:56 [error] [system.db.CDbCommand] Error in querying SQL: SHOW COLUMNS FROM `product`
in D:\wamp\www\test2\index.php (13)
2011/03/22 09:02:38 [error] [exception.CHttpException.404] exception 'CHttpException' with message 'The system is unable to find the requested action "admin".' in D:\wamp\www\yii\framework\web\CController.php:444
Stack trace:
#0 D:\wamp\www\yii\framework\web\CController.php(262): CController->missingAction('admin')
#1 D:\wamp\www\yii\framework\web\CWebApplication.php(328): CController->run('admin')
#2 D:\wamp\www\yii\framework\web\CWebApplication.php(121): CWebApplication->runController('product/admin')
#3 D:\wamp\www\yii\framework\base\CApplication.php(155): CWebApplication->processRequest()
#4 D:\wamp\www\test2\index.php(13): CApplication->run()
#5 {main} REQUEST_URI=/test2/index.php?r=product/admin
2011/03/22 09:02:42 [error] [exception.CHttpException.404] exception 'CHttpException' with message 'The system is unable to find the requested action "admin".' in D:\wamp\www\yii\framework\web\CController.php:444
Stack trace:
#0 D:\wamp\www\yii\framework\web\CController.php(262): CController->missingAction('admin')
#1 D:\wamp\www\yii\framework\web\CWebApplication.php(328): CController->run('admin')
#2 D:\wamp\www\yii\framework\web\CWebApplication.php(121): CWebApplication->runController('product/admin')
#3 D:\wamp\www\yii\framework\base\CApplication.php(155): CWebApplication->processRequest()
#4 D:\wamp\www\test2\index.php(13): CApplication->run()
#5 {main} REQUEST_URI=/test2/index.php?r=product/admin
2011/03/22 09:03:36 [error] [exception.CHttpException.404] exception 'CHttpException' with message 'The system is unable to find the requested action "admin".' in D:\wamp\www\yii\framework\web\CController.php:444
Stack trace:
#0 D:\wamp\www\yii\framework\web\CController.php(262): CController->missingAction('admin')
#1 D:\wamp\www\yii\framework\web\CWebApplication.php(328): CController->run('admin')
#2 D:\wamp\www\yii\framework\web\CWebApplication.php(121): CWebApplication->runController('product/admin')
#3 D:\wamp\www\yii\framework\base\CApplication.php(155): CWebApplication->processRequest()
#4 D:\wamp\www\test2\index.php(13): CApplication->run()
#5 {main} REQUEST_URI=/test2/index.php?r=product/admin
2011/03/22 09:04:49 [error] [exception.CHttpException.404] exception 'CHttpException' with message 'The system is unable to find the requested action "manage".' in D:\wamp\www\yii\framework\web\CController.php:444
Stack trace:
#0 D:\wamp\www\yii\framework\web\CController.php(262): CController->missingAction('manage')
#1 D:\wamp\www\yii\framework\web\CWebApplication.php(328): CController->run('manage')
#2 D:\wamp\www\yii\framework\web\CWebApplication.php(121): CWebApplication->runController('product/manage')
#3 D:\wamp\www\yii\framework\base\CApplication.php(155): CWebApplication->processRequest()
#4 D:\wamp\www\test2\index.php(13): CApplication->run()
#5 {main} REQUEST_URI=/test2/index.php?r=product/manage
2011/03/22 09:04:55 [error] [exception.CHttpException.404] exception 'CHttpException' with message 'The system is unable to find the requested action "admin".' in D:\wamp\www\yii\framework\web\CController.php:444
Stack trace:
#0 D:\wamp\www\yii\framework\web\CController.php(262): CController->missingAction('admin')
#1 D:\wamp\www\yii\framework\web\CWebApplication.php(328): CController->run('admin')
#2 D:\wamp\www\yii\framework\web\CWebApplication.php(121): CWebApplication->runController('product/admin')
#3 D:\wamp\www\yii\framework\base\CApplication.php(155): CWebApplication->processRequest()
#4 D:\wamp\www\test2\index.php(13): CApplication->run()
#5 {main} REQUEST_URI=/test2/index.php?r=product/admin
2011/03/22 09:07:17 [error] [exception.CHttpException.404] exception 'CHttpException' with message 'The system is unable to find the requested action "view".' in D:\wamp\www\yii\framework\web\CController.php:444
Stack trace:
#0 D:\wamp\www\yii\framework\web\CController.php(262): CController->missingAction('view')
#1 D:\wamp\www\yii\framework\web\CWebApplication.php(328): CController->run('view')
#2 D:\wamp\www\yii\framework\web\CWebApplication.php(121): CWebApplication->runController('product/view')
#3 D:\wamp\www\yii\framework\base\CApplication.php(155): CWebApplication->processRequest()
#4 D:\wamp\www\test2\index.php(13): CApplication->run()
#5 {main} REQUEST_URI=/test2/index.php?r=product/view
2011/03/22 09:08:38 [error] [php] Undefined variable: model (D:\wamp\www\test2\protected\views\product\index.php:15)
Stack trace:
#0 D:\wamp\www\yii\framework\web\CController.php(833): ProductController->renderFile()
#1 D:\wamp\www\yii\framework\web\CController.php(746): ProductController->renderPartial()
#2 D:\wamp\www\test2\protected\controllers\ProductController.php(7): ProductController->render()
#3 D:\wamp\www\yii\framework\web\actions\CInlineAction.php(57): ProductController->actionIndex()
#4 D:\wamp\www\yii\framework\web\CController.php(300): CInlineAction->run()
#5 D:\wamp\www\yii\framework\web\CController.php(278): ProductController->runAction()
#6 D:\wamp\www\yii\framework\web\CController.php(257): ProductController->runActionWithFilters()
#7 D:\wamp\www\yii\framework\web\CWebApplication.php(328): ProductController->run()
#8 D:\wamp\www\yii\framework\web\CWebApplication.php(121): CWebApplication->runController()
#9 D:\wamp\www\yii\framework\base\CApplication.php(155): CWebApplication->processRequest()
#10 D:\wamp\www\test2\index.php(13): CWebApplication->run()
REQUEST_URI=/test2/index.php?r=product
in D:\wamp\www\test2\protected\views\product\index.php (15)
in D:\wamp\www\test2\protected\controllers\ProductController.php (7)
in D:\wamp\www\test2\index.php (13)
2011/03/22 09:09:45 [error] [php] Undefined variable: model (D:\wamp\www\test2\protected\views\product\index.php:14)
Stack trace:
#0 D:\wamp\www\yii\framework\web\CController.php(833): ProductController->renderFile()
#1 D:\wamp\www\yii\framework\web\CController.php(746): ProductController->renderPartial()
#2 D:\wamp\www\test2\protected\controllers\ProductController.php(7): ProductController->render()
#3 D:\wamp\www\yii\framework\web\actions\CInlineAction.php(57): ProductController->actionIndex()
#4 D:\wamp\www\yii\framework\web\CController.php(300): CInlineAction->run()
#5 D:\wamp\www\yii\framework\web\CController.php(278): ProductController->runAction()
#6 D:\wamp\www\yii\framework\web\CController.php(257): ProductController->runActionWithFilters()
#7 D:\wamp\www\yii\framework\web\CWebApplication.php(328): ProductController->run()
#8 D:\wamp\www\yii\framework\web\CWebApplication.php(121): CWebApplication->runController()
#9 D:\wamp\www\yii\framework\base\CApplication.php(155): CWebApplication->processRequest()
#10 D:\wamp\www\test2\index.php(13): CWebApplication->run()
REQUEST_URI=/test2/index.php?r=product
in D:\wamp\www\test2\protected\views\product\index.php (14)
in D:\wamp\www\test2\protected\controllers\ProductController.php (7)
in D:\wamp\www\test2\index.php (13)
2011/03/22 09:11:29 [error] [exception.CHttpException.404] exception 'CHttpException' with message 'The system is unable to find the requested action "admin".' in D:\wamp\www\yii\framework\web\CController.php:444
Stack trace:
#0 D:\wamp\www\yii\framework\web\CController.php(262): CController->missingAction('admin')
#1 D:\wamp\www\yii\framework\web\CWebApplication.php(328): CController->run('admin')
#2 D:\wamp\www\yii\framework\web\CWebApplication.php(121): CWebApplication->runController('product/admin')
#3 D:\wamp\www\yii\framework\base\CApplication.php(155): CWebApplication->processRequest()
#4 D:\wamp\www\test2\index.php(13): CApplication->run()
#5 {main} REQUEST_URI=/test2/index.php?r=product/admin
2011/03/22 09:11:35 [error] [php] Undefined variable: model (D:\wamp\www\test2\protected\views\product\index.php:16)
Stack trace:
#0 D:\wamp\www\yii\framework\web\CController.php(833): ProductController->renderFile()
#1 D:\wamp\www\yii\framework\web\CController.php(746): ProductController->renderPartial()
#2 D:\wamp\www\test2\protected\controllers\ProductController.php(7): ProductController->render()
#3 D:\wamp\www\yii\framework\web\actions\CInlineAction.php(57): ProductController->actionIndex()
#4 D:\wamp\www\yii\framework\web\CController.php(300): CInlineAction->run()
#5 D:\wamp\www\yii\framework\web\CController.php(278): ProductController->runAction()
#6 D:\wamp\www\yii\framework\web\CController.php(257): ProductController->runActionWithFilters()
#7 D:\wamp\www\yii\framework\web\CWebApplication.php(328): ProductController->run()
#8 D:\wamp\www\yii\framework\web\CWebApplication.php(121): CWebApplication->runController()
#9 D:\wamp\www\yii\framework\base\CApplication.php(155): CWebApplication->processRequest()
#10 D:\wamp\www\test2\index.php(13): CWebApplication->run()
REQUEST_URI=/test2/index.php?r=product
in D:\wamp\www\test2\protected\views\product\index.php (16)
in D:\wamp\www\test2\protected\controllers\ProductController.php (7)
in D:\wamp\www\test2\index.php (13)
2011/03/22 09:13:42 [error] [exception.CHttpException.404] exception 'CHttpException' with message 'The system is unable to find the requested action "manage".' in D:\wamp\www\yii\framework\web\CController.php:444
Stack trace:
#0 D:\wamp\www\yii\framework\web\CController.php(262): CController->missingAction('manage')
#1 D:\wamp\www\yii\framework\web\CWebApplication.php(328): CController->run('manage')
#2 D:\wamp\www\yii\framework\web\CWebApplication.php(121): CWebApplication->runController('product/manage')
#3 D:\wamp\www\yii\framework\base\CApplication.php(155): CWebApplication->processRequest()
#4 D:\wamp\www\test2\index.php(13): CApplication->run()
#5 {main} REQUEST_URI=/test2/index.php?r=product/manage
2011/03/22 09:13:47 [error] [exception.CHttpException.404] exception 'CHttpException' with message 'The system is unable to find the requested action "Manage".' in D:\wamp\www\yii\framework\web\CController.php:444
Stack trace:
#0 D:\wamp\www\yii\framework\web\CController.php(262): CController->missingAction('Manage')
#1 D:\wamp\www\yii\framework\web\CWebApplication.php(328): CController->run('Manage')
#2 D:\wamp\www\yii\framework\web\CWebApplication.php(121): CWebApplication->runController('product/Manage')
#3 D:\wamp\www\yii\framework\base\CApplication.php(155): CWebApplication->processRequest()
#4 D:\wamp\www\test2\index.php(13): CApplication->run()
#5 {main} REQUEST_URI=/test2/index.php?r=product/Manage
2011/03/22 09:14:45 [error] [exception.CHttpException.404] exception 'CHttpException' with message 'The system is unable to find the requested action "admin".' in D:\wamp\www\yii\framework\web\CController.php:444
Stack trace:
#0 D:\wamp\www\yii\framework\web\CController.php(262): CController->missingAction('admin')
#1 D:\wamp\www\yii\framework\web\CWebApplication.php(328): CController->run('admin')
#2 D:\wamp\www\yii\framework\web\CWebApplication.php(121): CWebApplication->runController('product/admin')
#3 D:\wamp\www\yii\framework\base\CApplication.php(155): CWebApplication->processRequest()
#4 D:\wamp\www\test2\index.php(13): CApplication->run()
#5 {main} REQUEST_URI=/test2/index.php?r=product/admin
2011/03/22 09:46:41 [error] [exception.CHttpException.404] exception 'CHttpException' with message 'The system is unable to find the requested action "admin".' in D:\wamp\www\yii\framework\web\CController.php:444
Stack trace:
#0 D:\wamp\www\yii\framework\web\CController.php(262): CController->missingAction('admin')
#1 D:\wamp\www\yii\framework\web\CWebApplication.php(328): CController->run('admin')
#2 D:\wamp\www\yii\framework\web\CWebApplication.php(121): CWebApplication->runController('product/admin')
#3 D:\wamp\www\yii\framework\base\CApplication.php(155): CWebApplication->processRequest()
#4 D:\wamp\www\test2\index.php(13): CApplication->run()
#5 {main} REQUEST_URI=/test2/index.php?r=product/admin
2011/03/22 09:53:17 [error] [exception.CHttpException.404] exception 'CHttpException' with message 'The system is unable to find the requested action "admin".' in D:\wamp\www\yii\framework\web\CController.php:444
Stack trace:
#0 D:\wamp\www\yii\framework\web\CController.php(262): CController->missingAction('admin')
#1 D:\wamp\www\yii\framework\web\CWebApplication.php(328): CController->run('admin')
#2 D:\wamp\www\yii\framework\web\CWebApplication.php(121): CWebApplication->runController('product/admin')
#3 D:\wamp\www\yii\framework\base\CApplication.php(155): CWebApplication->processRequest()
#4 D:\wamp\www\test2\index.php(13): CApplication->run()
#5 {main} REQUEST_URI=/test2/index.php?r=product/admin
2011/03/22 09:53:56 [error] [exception.CHttpException.404] exception 'CHttpException' with message 'The system is unable to find the requested action "admin".' in D:\wamp\www\yii\framework\web\CController.php:444
Stack trace:
#0 D:\wamp\www\yii\framework\web\CController.php(262): CController->missingAction('admin')
#1 D:\wamp\www\yii\framework\web\CWebApplication.php(328): CController->run('admin')
#2 D:\wamp\www\yii\framework\web\CWebApplication.php(121): CWebApplication->runController('product/admin')
#3 D:\wamp\www\yii\framework\base\CApplication.php(155): CWebApplication->processRequest()
#4 D:\wamp\www\test2\index.php(13): CApplication->run()
#5 {main} REQUEST_URI=/test2/index.php?r=product/admin
2011/03/22 09:53:59 [error] [exception.CHttpException.404] exception 'CHttpException' with message 'The system is unable to find the requested action "admin".' in D:\wamp\www\yii\framework\web\CController.php:444
Stack trace:
#0 D:\wamp\www\yii\framework\web\CController.php(262): CController->missingAction('admin')
#1 D:\wamp\www\yii\framework\web\CWebApplication.php(328): CController->run('admin')
#2 D:\wamp\www\yii\framework\web\CWebApplication.php(121): CWebApplication->runController('product/admin')
#3 D:\wamp\www\yii\framework\base\CApplication.php(155): CWebApplication->processRequest()
#4 D:\wamp\www\test2\index.php(13): CApplication->run()
#5 {main} REQUEST_URI=/test2/index.php?r=product/admin
2011/03/22 09:55:17 [error] [php] Undefined variable: model (D:\wamp\www\test2\protected\views\product\admin.php:36)
Stack trace:
#0 D:\wamp\www\yii\framework\web\CController.php(833): ProductController->renderFile()
#1 D:\wamp\www\yii\framework\web\CController.php(746): ProductController->renderPartial()
#2 D:\wamp\www\test2\protected\controllers\ProductController.php(58): ProductController->render()
#3 D:\wamp\www\yii\framework\web\actions\CInlineAction.php(57): ProductController->actionAdmin()
#4 D:\wamp\www\yii\framework\web\CController.php(300): CInlineAction->run()
#5 D:\wamp\www\yii\framework\web\CController.php(278): ProductController->runAction()
#6 D:\wamp\www\yii\framework\web\CController.php(257): ProductController->runActionWithFilters()
#7 D:\wamp\www\yii\framework\web\CWebApplication.php(328): ProductController->run()
#8 D:\wamp\www\yii\framework\web\CWebApplication.php(121): CWebApplication->runController()
#9 D:\wamp\www\yii\framework\base\CApplication.php(155): CWebApplication->processRequest()
#10 D:\wamp\www\test2\index.php(13): CWebApplication->run()
REQUEST_URI=/test2/index.php?r=product/admin
in D:\wamp\www\test2\protected\views\product\admin.php (36)
in D:\wamp\www\test2\protected\controllers\ProductController.php (58)
in D:\wamp\www\test2\index.php (13)
2011/03/22 15:07:14 [error] [php] Undefined variable: model (D:\wamp\www\test2\protected\controllers\ProductController.php:60)
Stack trace:
#0 D:\wamp\www\yii\framework\web\CController.php(278): ProductController->runAction()
#1 D:\wamp\www\yii\framework\web\CController.php(257): ProductController->runActionWithFilters()
#2 D:\wamp\www\yii\framework\web\CWebApplication.php(328): ProductController->run()
#3 D:\wamp\www\yii\framework\web\CWebApplication.php(121): CWebApplication->runController()
#4 D:\wamp\www\yii\framework\base\CApplication.php(155): CWebApplication->processRequest()
#5 D:\wamp\www\test2\index.php(13): CWebApplication->run()
REQUEST_URI=/test2/index.php?r=product/admin
in D:\wamp\www\test2\protected\controllers\ProductController.php (60)
in D:\wamp\www\test2\index.php (13)
2011/03/22 15:11:01 [error] [exception.CException] exception 'CException' with message 'Filter "inlineFilterName" is invalid. Controller "ProductController" does have the filter method "filterinlineFilterName".' in D:\wamp\www\yii\framework\web\filters\CInlineFilter.php:47
Stack trace:
#0 D:\wamp\www\yii\framework\web\filters\CFilterChain.php(72): CInlineFilter::create(Object(ProductController), 'inlineFilterNam...')
#1 D:\wamp\www\yii\framework\web\CController.php(283): CFilterChain::create(Object(ProductController), Object(CInlineAction), Array)
#2 D:\wamp\www\yii\framework\web\CController.php(257): CController->runActionWithFilters(Object(CInlineAction), Array)
#3 D:\wamp\www\yii\framework\web\CWebApplication.php(328): CController->run('admin')
#4 D:\wamp\www\yii\framework\web\CWebApplication.php(121): CWebApplication->runController('product/admin')
#5 D:\wamp\www\yii\framework\base\CApplication.php(155): CWebApplication->processRequest()
#6 D:\wamp\www\test2\index.php(13): CApplication->run()
#7 {main} REQUEST_URI=/test2/index.php?r=product/admin
2011/03/22 15:11:37 [error] [php] Undefined variable: model (D:\wamp\www\test2\protected\controllers\ProductController.php:62)
Stack trace:
#0 D:\wamp\www\yii\framework\web\filters\CFilterChain.php(133): ProductController->runAction()
#1 D:\wamp\www\yii\framework\web\filters\CFilter.php(41): CFilterChain->run()
#2 D:\wamp\www\yii\framework\web\CController.php(1088): CAccessControlFilter->filter()
#3 D:\wamp\www\yii\framework\web\filters\CInlineFilter.php(59): ProductController->filterAccessControl()
#4 D:\wamp\www\yii\framework\web\filters\CFilterChain.php(130): CInlineFilter->filter()
#5 D:\wamp\www\yii\framework\web\CController.php(283): CFilterChain->run()
#6 D:\wamp\www\yii\framework\web\CController.php(257): ProductController->runActionWithFilters()
#7 D:\wamp\www\yii\framework\web\CWebApplication.php(328): ProductController->run()
#8 D:\wamp\www\yii\framework\web\CWebApplication.php(121): CWebApplication->runController()
#9 D:\wamp\www\yii\framework\base\CApplication.php(155): CWebApplication->processRequest()
#10 D:\wamp\www\test2\index.php(13): CWebApplication->run()
REQUEST_URI=/test2/index.php?r=product/admin
in D:\wamp\www\test2\protected\controllers\ProductController.php (62)
in D:\wamp\www\test2\index.php (13)
2011/03/22 15:18:55 [error] [exception.CHttpException.404] exception 'CHttpException' with message 'The system is unable to find the requested action "update".' in D:\wamp\www\yii\framework\web\CController.php:444
Stack trace:
#0 D:\wamp\www\yii\framework\web\CController.php(262): CController->missingAction('update')
#1 D:\wamp\www\yii\framework\web\CWebApplication.php(328): CController->run('update')
#2 D:\wamp\www\yii\framework\web\CWebApplication.php(121): CWebApplication->runController('product/update')
#3 D:\wamp\www\yii\framework\base\CApplication.php(155): CWebApplication->processRequest()
#4 D:\wamp\www\test2\index.php(13): CApplication->run()
#5 {main} REQUEST_URI=/test2/index.php?r=product/update
2011/03/22 15:21:28 [error] [exception.CHttpException.403] exception 'CHttpException' with message 'You are not authorized to perform this action.' in D:\wamp\www\yii\framework\web\auth\CAccessControlFilter.php:157
Stack trace:
#0 D:\wamp\www\yii\framework\web\auth\CAccessControlFilter.php(119): CAccessControlFilter->accessDenied(Object(CWebUser), 'You are not aut...')
#1 D:\wamp\www\yii\framework\web\filters\CFilter.php(39): CAccessControlFilter->preFilter(Object(CFilterChain))
#2 D:\wamp\www\yii\framework\web\CController.php(1088): CFilter->filter(Object(CFilterChain))
#3 D:\wamp\www\yii\framework\web\filters\CInlineFilter.php(59): CController->filterAccessControl(Object(CFilterChain))
#4 D:\wamp\www\yii\framework\web\filters\CFilterChain.php(130): CInlineFilter->filter(Object(CFilterChain))
#5 D:\wamp\www\yii\framework\web\CController.php(283): CFilterChain->run()
#6 D:\wamp\www\yii\framework\web\CController.php(257): CController->runActionWithFilters(Object(CInlineAction), Array)
#7 D:\wamp\www\yii\framework\web\CWebApplication.php(328): CController->run('admin')
#8 D:\wamp\www\yii\framework\web\CWebApplication.php(121): CWebApplication->runController('product/admin')
#9 D:\wamp\www\yii\framework\base\CApplication.php(155): CWebApplication->processRequest()
#10 D:\wamp\www\test2\index.php(13): CApplication->run()
#11 {main} REQUEST_URI=/test2/index.php?r=product/admin
2011/03/23 06:25:11 [error] [exception.CHttpException.404] exception 'CHttpException' with message 'The system is unable to find the requested action "uopdate".' in D:\wamp\www\yii\framework\web\CController.php:444
Stack trace:
#0 D:\wamp\www\yii\framework\web\CController.php(262): CController->missingAction('uopdate')
#1 D:\wamp\www\yii\framework\web\CWebApplication.php(328): CController->run('uopdate')
#2 D:\wamp\www\yii\framework\web\CWebApplication.php(121): CWebApplication->runController('product/uopdate')
#3 D:\wamp\www\yii\framework\base\CApplication.php(155): CWebApplication->processRequest()
#4 D:\wamp\www\test2\index.php(13): CApplication->run()
#5 {main} REQUEST_URI=/test2/index.php?r=product/uopdate
2011/03/23 06:25:17 [error] [exception.CHttpException.404] exception 'CHttpException' with message 'The system is unable to find the requested action "update".' in D:\wamp\www\yii\framework\web\CController.php:444
Stack trace:
#0 D:\wamp\www\yii\framework\web\CController.php(262): CController->missingAction('update')
#1 D:\wamp\www\yii\framework\web\CWebApplication.php(328): CController->run('update')
#2 D:\wamp\www\yii\framework\web\CWebApplication.php(121): CWebApplication->runController('product/update')
#3 D:\wamp\www\yii\framework\base\CApplication.php(155): CWebApplication->processRequest()
#4 D:\wamp\www\test2\index.php(13): CApplication->run()
#5 {main} REQUEST_URI=/test2/index.php?r=product/update
2011/03/23 06:31:38 [error] [exception.CException] exception 'CException' with message 'ProductController cannot find the requested view "menu".' in D:\wamp\www\yii\framework\web\CController.php:842
Stack trace:
#0 D:\wamp\www\test2\protected\views\product\admin.php(32): CController->renderPartial('menu')
#1 D:\wamp\www\yii\framework\web\CBaseController.php(119): require('D:\wamp\www\tes...')
#2 D:\wamp\www\yii\framework\web\CBaseController.php(88): CBaseController->renderInternal('D:\wamp\www\tes...', Array, true)
#3 D:\wamp\www\yii\framework\web\CController.php(833): CBaseController->renderFile('D:\wamp\www\tes...', Array, true)
#4 D:\wamp\www\yii\framework\web\CController.php(746): CController->renderPartial('admin', Array, true)
#5 D:\wamp\www\test2\protected\controllers\ProductController.php(64): CController->render('admin', Array)
#6 D:\wamp\www\yii\framework\web\actions\CInlineAction.php(57): ProductController->actionAdmin()
#7 D:\wamp\www\yii\framework\web\CController.php(300): CInlineAction->run()
#8 D:\wamp\www\yii\framework\web\filters\CFilterChain.php(133): CController->runAction(Object(CInlineAction))
#9 D:\wamp\www\yii\framework\web\filters\CFilter.php(41): CFilterChain->run()
#10 D:\wamp\www\yii\framework\web\CController.php(1088): CFilter->filter(Object(CFilterChain))
#11 D:\wamp\www\yii\framework\web\filters\CInlineFilter.php(59): CController->filterAccessControl(Object(CFilterChain))
#12 D:\wamp\www\yii\framework\web\filters\CFilterChain.php(130): CInlineFilter->filter(Object(CFilterChain))
#13 D:\wamp\www\yii\framework\web\CController.php(283): CFilterChain->run()
#14 D:\wamp\www\yii\framework\web\CController.php(257): CController->runActionWithFilters(Object(CInlineAction), Array)
#15 D:\wamp\www\yii\framework\web\CWebApplication.php(328): CController->run('admin')
#16 D:\wamp\www\yii\framework\web\CWebApplication.php(121): CWebApplication->runController('product/admin')
#17 D:\wamp\www\yii\framework\base\CApplication.php(155): CWebApplication->processRequest()
#18 D:\wamp\www\test2\index.php(13): CApplication->run()
#19 {main} REQUEST_URI=/test2/index.php?r=product/admin
2011/03/23 06:34:27 [error] [exception.CException] exception 'CException' with message 'Property "Product.email" is not defined.' in D:\wamp\www\yii\framework\base\CComponent.php:131
Stack trace:
#0 D:\wamp\www\yii\framework\db\ar\CActiveRecord.php(110): CComponent->__get('email')
#1 D:\wamp\www\test2\protected\views\product\admin.php(32): CActiveRecord->__get('email')
#2 D:\wamp\www\yii\framework\web\CBaseController.php(119): require('D:\wamp\www\tes...')
#3 D:\wamp\www\yii\framework\web\CBaseController.php(88): CBaseController->renderInternal('D:\wamp\www\tes...', Array, true)
#4 D:\wamp\www\yii\framework\web\CController.php(833): CBaseController->renderFile('D:\wamp\www\tes...', Array, true)
#5 D:\wamp\www\yii\framework\web\CController.php(746): CController->renderPartial('admin', Array, true)
#6 D:\wamp\www\test2\protected\controllers\ProductController.php(64): CController->render('admin', Array)
#7 D:\wamp\www\yii\framework\web\actions\CInlineAction.php(57): ProductController->actionAdmin()
#8 D:\wamp\www\yii\framework\web\CController.php(300): CInlineAction->run()
#9 D:\wamp\www\yii\framework\web\filters\CFilterChain.php(133): CController->runAction(Object(CInlineAction))
#10 D:\wamp\www\yii\framework\web\filters\CFilter.php(41): CFilterChain->run()
#11 D:\wamp\www\yii\framework\web\CController.php(1088): CFilter->filter(Object(CFilterChain))
#12 D:\wamp\www\yii\framework\web\filters\CInlineFilter.php(59): CController->filterAccessControl(Object(CFilterChain))
#13 D:\wamp\www\yii\framework\web\filters\CFilterChain.php(130): CInlineFilter->filter(Object(CFilterChain))
#14 D:\wamp\www\yii\framework\web\CController.php(283): CFilterChain->run()
#15 D:\wamp\www\yii\framework\web\CController.php(257): CController->runActionWithFilters(Object(CInlineAction), Array)
#16 D:\wamp\www\yii\framework\web\CWebApplication.php(328): CController->run('admin')
#17 D:\wamp\www\yii\framework\web\CWebApplication.php(121): CWebApplication->runController('product/admin')
#18 D:\wamp\www\yii\framework\base\CApplication.php(155): CWebApplication->processRequest()
#19 D:\wamp\www\test2\index.php(13): CApplication->run()
#20 {main} REQUEST_URI=/test2/index.php?r=product/admin
2011/03/23 06:41:01 [error] [php] include(UserModule.php) [<a href='function.include'>function.include</a>]: failed to open stream: No such file or directory (D:\wamp\www\yii\framework\YiiBase.php:395)
Stack trace:
#0 D:\wamp\www\test2\protected\views\product\menu.php(3): spl_autoload_call()
#1 D:\wamp\www\yii\framework\web\CBaseController.php(119): require()
#2 D:\wamp\www\yii\framework\web\CBaseController.php(88): ProductController->renderInternal()
#3 D:\wamp\www\yii\framework\web\CController.php(833): ProductController->renderFile()
#4 D:\wamp\www\test2\protected\views\product\admin.php(27): ProductController->renderPartial()
#5 D:\wamp\www\yii\framework\web\CBaseController.php(119): require()
#6 D:\wamp\www\yii\framework\web\CBaseController.php(88): ProductController->renderInternal()
#7 D:\wamp\www\yii\framework\web\CController.php(833): ProductController->renderFile()
#8 D:\wamp\www\yii\framework\web\CController.php(746): ProductController->renderPartial()
#9 D:\wamp\www\test2\protected\controllers\ProductController.php(64): ProductController->render()
#10 D:\wamp\www\yii\framework\web\actions\CInlineAction.php(57): ProductController->actionAdmin()
#11 D:\wamp\www\yii\framework\web\CController.php(300): CInlineAction->run()
#12 D:\wamp\www\yii\framework\web\filters\CFilterChain.php(133): ProductController->runAction()
#13 D:\wamp\www\yii\framework\web\filters\CFilter.php(41): CFilterChain->run()
#14 D:\wamp\www\yii\framework\web\CController.php(1088): CAccessControlFilter->filter()
#15 D:\wamp\www\yii\framework\web\filters\CInlineFilter.php(59): ProductController->filterAccessControl()
#16 D:\wamp\www\yii\framework\web\filters\CFilterChain.php(130): CInlineFilter->filter()
#17 D:\wamp\www\yii\framework\web\CController.php(283): CFilterChain->run()
#18 D:\wamp\www\yii\framework\web\CController.php(257): ProductController->runActionWithFilters()
#19 D:\wamp\www\yii\framework\web\CWebApplication.php(328): ProductController->run()
#20 D:\wamp\www\yii\framework\web\CWebApplication.php(121): CWebApplication->runController()
#21 D:\wamp\www\yii\framework\base\CApplication.php(155): CWebApplication->processRequest()
#22 D:\wamp\www\test2\index.php(13): CWebApplication->run()
REQUEST_URI=/test2/index.php?r=product/admin
in D:\wamp\www\test2\protected\views\product\menu.php (3)
in D:\wamp\www\test2\protected\views\product\admin.php (27)
in D:\wamp\www\test2\protected\controllers\ProductController.php (64)
2011/03/23 06:46:50 [error] [php] include(UserModule.php) [<a href='function.include'>function.include</a>]: failed to open stream: No such file or directory (D:\wamp\www\yii\framework\YiiBase.php:395)
Stack trace:
#0 D:\wamp\www\test2\protected\views\product\menu.php(5): spl_autoload_call()
#1 D:\wamp\www\yii\framework\web\CBaseController.php(119): require()
#2 D:\wamp\www\yii\framework\web\CBaseController.php(88): ProductController->renderInternal()
#3 D:\wamp\www\yii\framework\web\CController.php(833): ProductController->renderFile()
#4 D:\wamp\www\test2\protected\views\product\admin.php(27): ProductController->renderPartial()
#5 D:\wamp\www\yii\framework\web\CBaseController.php(119): require()
#6 D:\wamp\www\yii\framework\web\CBaseController.php(88): ProductController->renderInternal()
#7 D:\wamp\www\yii\framework\web\CController.php(833): ProductController->renderFile()
#8 D:\wamp\www\yii\framework\web\CController.php(746): ProductController->renderPartial()
#9 D:\wamp\www\test2\protected\controllers\ProductController.php(64): ProductController->render()
#10 D:\wamp\www\yii\framework\web\actions\CInlineAction.php(57): ProductController->actionAdmin()
#11 D:\wamp\www\yii\framework\web\CController.php(300): CInlineAction->run()
#12 D:\wamp\www\yii\framework\web\filters\CFilterChain.php(133): ProductController->runAction()
#13 D:\wamp\www\yii\framework\web\filters\CFilter.php(41): CFilterChain->run()
#14 D:\wamp\www\yii\framework\web\CController.php(1088): CAccessControlFilter->filter()
#15 D:\wamp\www\yii\framework\web\filters\CInlineFilter.php(59): ProductController->filterAccessControl()
#16 D:\wamp\www\yii\framework\web\filters\CFilterChain.php(130): CInlineFilter->filter()
#17 D:\wamp\www\yii\framework\web\CController.php(283): CFilterChain->run()
#18 D:\wamp\www\yii\framework\web\CController.php(257): ProductController->runActionWithFilters()
#19 D:\wamp\www\yii\framework\web\CWebApplication.php(328): ProductController->run()
#20 D:\wamp\www\yii\framework\web\CWebApplication.php(121): CWebApplication->runController()
#21 D:\wamp\www\yii\framework\base\CApplication.php(155): CWebApplication->processRequest()
#22 D:\wamp\www\test2\index.php(13): CWebApplication->run()
REQUEST_URI=/test2/index.php?r=product/admin
in D:\wamp\www\test2\protected\views\product\menu.php (5)
in D:\wamp\www\test2\protected\views\product\admin.php (27)
in D:\wamp\www\test2\protected\controllers\ProductController.php (64)
2011/03/23 07:21:59 [error] [exception.CDbException] exception 'CDbException' with message 'Relation "owner" is not defined in active record class "Product".' in D:\wamp\www\yii\framework\db\ar\CActiveFinder.php:213
Stack trace:
#0 D:\wamp\www\yii\framework\db\ar\CActiveFinder.php(260): CActiveFinder->buildJoinTree(Object(CJoinElement), 'owner')
#1 D:\wamp\www\yii\framework\db\ar\CActiveFinder.php(51): CActiveFinder->buildJoinTree(Object(CJoinElement), Array)
#2 D:\wamp\www\yii\framework\db\ar\CActiveRecord.php(1241): CActiveFinder->__construct(Object(Product), Array)
#3 D:\wamp\www\yii\framework\db\ar\CActiveRecord.php(1323): CActiveRecord->query(Object(CDbCriteria), true)
#4 D:\wamp\www\test2\protected\controllers\ProductController.php(62): CActiveRecord->findAll()
#5 D:\wamp\www\yii\framework\web\actions\CInlineAction.php(57): ProductController->actionAdmin()
#6 D:\wamp\www\yii\framework\web\CController.php(300): CInlineAction->run()
#7 D:\wamp\www\yii\framework\web\filters\CFilterChain.php(133): CController->runAction(Object(CInlineAction))
#8 D:\wamp\www\yii\framework\web\filters\CFilter.php(41): CFilterChain->run()
#9 D:\wamp\www\yii\framework\web\CController.php(1088): CFilter->filter(Object(CFilterChain))
#10 D:\wamp\www\yii\framework\web\filters\CInlineFilter.php(59): CController->filterAccessControl(Object(CFilterChain))
#11 D:\wamp\www\yii\framework\web\filters\CFilterChain.php(130): CInlineFilter->filter(Object(CFilterChain))
#12 D:\wamp\www\yii\framework\web\CController.php(283): CFilterChain->run()
#13 D:\wamp\www\yii\framework\web\CController.php(257): CController->runActionWithFilters(Object(CInlineAction), Array)
#14 D:\wamp\www\yii\framework\web\CWebApplication.php(328): CController->run('admin')
#15 D:\wamp\www\yii\framework\web\CWebApplication.php(121): CWebApplication->runController('product/admin')
#16 D:\wamp\www\yii\framework\base\CApplication.php(155): CWebApplication->processRequest()
#17 D:\wamp\www\test2\index.php(13): CApplication->run()
#18 {main} REQUEST_URI=/test2/index.php?r=product/admin
2011/03/23 07:22:56 [error] [exception.CDbException] exception 'CDbException' with message 'Relation "id" is not defined in active record class "Product".' in D:\wamp\www\yii\framework\db\ar\CActiveFinder.php:213
Stack trace:
#0 D:\wamp\www\yii\framework\db\ar\CActiveFinder.php(260): CActiveFinder->buildJoinTree(Object(CJoinElement), 'id')
#1 D:\wamp\www\yii\framework\db\ar\CActiveFinder.php(51): CActiveFinder->buildJoinTree(Object(CJoinElement), Array)
#2 D:\wamp\www\yii\framework\db\ar\CActiveRecord.php(1241): CActiveFinder->__construct(Object(Product), Array)
#3 D:\wamp\www\yii\framework\db\ar\CActiveRecord.php(1323): CActiveRecord->query(Object(CDbCriteria), true)
#4 D:\wamp\www\test2\protected\controllers\ProductController.php(62): CActiveRecord->findAll()
#5 D:\wamp\www\yii\framework\web\actions\CInlineAction.php(57): ProductController->actionAdmin()
#6 D:\wamp\www\yii\framework\web\CController.php(300): CInlineAction->run()
#7 D:\wamp\www\yii\framework\web\filters\CFilterChain.php(133): CController->runAction(Object(CInlineAction))
#8 D:\wamp\www\yii\framework\web\filters\CFilter.php(41): CFilterChain->run()
#9 D:\wamp\www\yii\framework\web\CController.php(1088): CFilter->filter(Object(CFilterChain))
#10 D:\wamp\www\yii\framework\web\filters\CInlineFilter.php(59): CController->filterAccessControl(Object(CFilterChain))
#11 D:\wamp\www\yii\framework\web\filters\CFilterChain.php(130): CInlineFilter->filter(Object(CFilterChain))
#12 D:\wamp\www\yii\framework\web\CController.php(283): CFilterChain->run()
#13 D:\wamp\www\yii\framework\web\CController.php(257): CController->runActionWithFilters(Object(CInlineAction), Array)
#14 D:\wamp\www\yii\framework\web\CWebApplication.php(328): CController->run('admin')
#15 D:\wamp\www\yii\framework\web\CWebApplication.php(121): CWebApplication->runController('product/admin')
#16 D:\wamp\www\yii\framework\base\CApplication.php(155): CWebApplication->processRequest()
#17 D:\wamp\www\test2\index.php(13): CApplication->run()
#18 {main} REQUEST_URI=/test2/index.php?r=product/admin
2011/03/23 07:24:12 [error] [exception.CDbException] exception 'CDbException' with message 'Relation "owner" is not defined in active record class "User".' in D:\wamp\www\yii\framework\db\ar\CActiveFinder.php:213
Stack trace:
#0 D:\wamp\www\yii\framework\db\ar\CActiveFinder.php(260): CActiveFinder->buildJoinTree(Object(CJoinElement), 'owner')
#1 D:\wamp\www\yii\framework\db\ar\CActiveFinder.php(51): CActiveFinder->buildJoinTree(Object(CJoinElement), Array)
#2 D:\wamp\www\yii\framework\db\ar\CActiveRecord.php(1241): CActiveFinder->__construct(Object(User), Array)
#3 D:\wamp\www\yii\framework\db\ar\CActiveRecord.php(1323): CActiveRecord->query(Object(CDbCriteria), true)
#4 D:\wamp\www\test2\protected\controllers\ProductController.php(62): CActiveRecord->findAll()
#5 D:\wamp\www\yii\framework\web\actions\CInlineAction.php(57): ProductController->actionAdmin()
#6 D:\wamp\www\yii\framework\web\CController.php(300): CInlineAction->run()
#7 D:\wamp\www\yii\framework\web\filters\CFilterChain.php(133): CController->runAction(Object(CInlineAction))
#8 D:\wamp\www\yii\framework\web\filters\CFilter.php(41): CFilterChain->run()
#9 D:\wamp\www\yii\framework\web\CController.php(1088): CFilter->filter(Object(CFilterChain))
#10 D:\wamp\www\yii\framework\web\filters\CInlineFilter.php(59): CController->filterAccessControl(Object(CFilterChain))
#11 D:\wamp\www\yii\framework\web\filters\CFilterChain.php(130): CInlineFilter->filter(Object(CFilterChain))
#12 D:\wamp\www\yii\framework\web\CController.php(283): CFilterChain->run()
#13 D:\wamp\www\yii\framework\web\CController.php(257): CController->runActionWithFilters(Object(CInlineAction), Array)
#14 D:\wamp\www\yii\framework\web\CWebApplication.php(328): CController->run('admin')
#15 D:\wamp\www\yii\framework\web\CWebApplication.php(121): CWebApplication->runController('product/admin')
#16 D:\wamp\www\yii\framework\base\CApplication.php(155): CWebApplication->processRequest()
#17 D:\wamp\www\test2\index.php(13): CApplication->run()
#18 {main} REQUEST_URI=/test2/index.php?r=product/admin
2011/03/23 07:24:22 [error] [exception.CDbException] exception 'CDbException' with message 'Relation "id" is not defined in active record class "User".' in D:\wamp\www\yii\framework\db\ar\CActiveFinder.php:213
Stack trace:
#0 D:\wamp\www\yii\framework\db\ar\CActiveFinder.php(260): CActiveFinder->buildJoinTree(Object(CJoinElement), 'id')
#1 D:\wamp\www\yii\framework\db\ar\CActiveFinder.php(51): CActiveFinder->buildJoinTree(Object(CJoinElement), Array)
#2 D:\wamp\www\yii\framework\db\ar\CActiveRecord.php(1241): CActiveFinder->__construct(Object(User), Array)
#3 D:\wamp\www\yii\framework\db\ar\CActiveRecord.php(1323): CActiveRecord->query(Object(CDbCriteria), true)
#4 D:\wamp\www\test2\protected\controllers\ProductController.php(62): CActiveRecord->findAll()
#5 D:\wamp\www\yii\framework\web\actions\CInlineAction.php(57): ProductController->actionAdmin()
#6 D:\wamp\www\yii\framework\web\CController.php(300): CInlineAction->run()
#7 D:\wamp\www\yii\framework\web\filters\CFilterChain.php(133): CController->runAction(Object(CInlineAction))
#8 D:\wamp\www\yii\framework\web\filters\CFilter.php(41): CFilterChain->run()
#9 D:\wamp\www\yii\framework\web\CController.php(1088): CFilter->filter(Object(CFilterChain))
#10 D:\wamp\www\yii\framework\web\filters\CInlineFilter.php(59): CController->filterAccessControl(Object(CFilterChain))
#11 D:\wamp\www\yii\framework\web\filters\CFilterChain.php(130): CInlineFilter->filter(Object(CFilterChain))
#12 D:\wamp\www\yii\framework\web\CController.php(283): CFilterChain->run()
#13 D:\wamp\www\yii\framework\web\CController.php(257): CController->runActionWithFilters(Object(CInlineAction), Array)
#14 D:\wamp\www\yii\framework\web\CWebApplication.php(328): CController->run('admin')
#15 D:\wamp\www\yii\framework\web\CWebApplication.php(121): CWebApplication->runController('product/admin')
#16 D:\wamp\www\yii\framework\base\CApplication.php(155): CWebApplication->processRequest()
#17 D:\wamp\www\test2\index.php(13): CApplication->run()
#18 {main} REQUEST_URI=/test2/index.php?r=product/admin
2011/03/23 07:25:13 [error] [php] include(Users.php) [<a href='function.include'>function.include</a>]: failed to open stream: No such file or directory (D:\wamp\www\yii\framework\YiiBase.php:395)
Stack trace:
#0 D:\wamp\www\test2\protected\controllers\ProductController.php(62): spl_autoload_call()
#1 D:\wamp\www\yii\framework\web\actions\CInlineAction.php(57): ProductController->actionAdmin()
#2 D:\wamp\www\yii\framework\web\CController.php(300): CInlineAction->run()
#3 D:\wamp\www\yii\framework\web\filters\CFilterChain.php(133): ProductController->runAction()
#4 D:\wamp\www\yii\framework\web\filters\CFilter.php(41): CFilterChain->run()
#5 D:\wamp\www\yii\framework\web\CController.php(1088): CAccessControlFilter->filter()
#6 D:\wamp\www\yii\framework\web\filters\CInlineFilter.php(59): ProductController->filterAccessControl()
#7 D:\wamp\www\yii\framework\web\filters\CFilterChain.php(130): CInlineFilter->filter()
#8 D:\wamp\www\yii\framework\web\CController.php(283): CFilterChain->run()
#9 D:\wamp\www\yii\framework\web\CController.php(257): ProductController->runActionWithFilters()
#10 D:\wamp\www\yii\framework\web\CWebApplication.php(328): ProductController->run()
#11 D:\wamp\www\yii\framework\web\CWebApplication.php(121): CWebApplication->runController()
#12 D:\wamp\www\yii\framework\base\CApplication.php(155): CWebApplication->processRequest()
#13 D:\wamp\www\test2\index.php(13): CWebApplication->run()
REQUEST_URI=/test2/index.php?r=product/admin
in D:\wamp\www\test2\protected\controllers\ProductController.php (62)
in D:\wamp\www\test2\index.php (13)
2011/03/23 07:26:37 [error] [php] include(UserModule.php) [<a href='function.include'>function.include</a>]: failed to open stream: No such file or directory (D:\wamp\www\yii\framework\YiiBase.php:395)
Stack trace:
#0 D:\wamp\www\test2\protected\controllers\ProductController.php(62): spl_autoload_call()
#1 D:\wamp\www\yii\framework\web\actions\CInlineAction.php(57): ProductController->actionAdmin()
#2 D:\wamp\www\yii\framework\web\CController.php(300): CInlineAction->run()
#3 D:\wamp\www\yii\framework\web\filters\CFilterChain.php(133): ProductController->runAction()
#4 D:\wamp\www\yii\framework\web\filters\CFilter.php(41): CFilterChain->run()
#5 D:\wamp\www\yii\framework\web\CController.php(1088): CAccessControlFilter->filter()
#6 D:\wamp\www\yii\framework\web\filters\CInlineFilter.php(59): ProductController->filterAccessControl()
#7 D:\wamp\www\yii\framework\web\filters\CFilterChain.php(130): CInlineFilter->filter()
#8 D:\wamp\www\yii\framework\web\CController.php(283): CFilterChain->run()
#9 D:\wamp\www\yii\framework\web\CController.php(257): ProductController->runActionWithFilters()
#10 D:\wamp\www\yii\framework\web\CWebApplication.php(328): ProductController->run()
#11 D:\wamp\www\yii\framework\web\CWebApplication.php(121): CWebApplication->runController()
#12 D:\wamp\www\yii\framework\base\CApplication.php(155): CWebApplication->processRequest()
#13 D:\wamp\www\test2\index.php(13): CWebApplication->run()
REQUEST_URI=/test2/index.php?r=product/admin
in D:\wamp\www\test2\protected\controllers\ProductController.php (62)
in D:\wamp\www\test2\index.php (13)
2011/03/23 07:36:36 [error] [php] include(Users.php) [<a href='function.include'>function.include</a>]: failed to open stream: No such file or directory (D:\wamp\www\yii\framework\YiiBase.php:395)
Stack trace:
#0 D:\wamp\www\test2\protected\controllers\ProductController.php(61): spl_autoload_call()
#1 D:\wamp\www\yii\framework\web\actions\CInlineAction.php(57): ProductController->actionAdmin()
#2 D:\wamp\www\yii\framework\web\CController.php(300): CInlineAction->run()
#3 D:\wamp\www\yii\framework\web\filters\CFilterChain.php(133): ProductController->runAction()
#4 D:\wamp\www\yii\framework\web\filters\CFilter.php(41): CFilterChain->run()
#5 D:\wamp\www\yii\framework\web\CController.php(1088): CAccessControlFilter->filter()
#6 D:\wamp\www\yii\framework\web\filters\CInlineFilter.php(59): ProductController->filterAccessControl()
#7 D:\wamp\www\yii\framework\web\filters\CFilterChain.php(130): CInlineFilter->filter()
#8 D:\wamp\www\yii\framework\web\CController.php(283): CFilterChain->run()
#9 D:\wamp\www\yii\framework\web\CController.php(257): ProductController->runActionWithFilters()
#10 D:\wamp\www\yii\framework\web\CWebApplication.php(328): ProductController->run()
#11 D:\wamp\www\yii\framework\web\CWebApplication.php(121): CWebApplication->runController()
#12 D:\wamp\www\yii\framework\base\CApplication.php(155): CWebApplication->processRequest()
#13 D:\wamp\www\test2\index.php(13): CWebApplication->run()
REQUEST_URI=/test2/index.php?r=product/admin
in D:\wamp\www\test2\protected\controllers\ProductController.php (61)
in D:\wamp\www\test2\index.php (13)
2011/03/23 07:38:33 [error] [exception.CDbException] exception 'CDbException' with message 'Relation "owner" is not defined in active record class "User".' in D:\wamp\www\yii\framework\db\ar\CActiveFinder.php:213
Stack trace:
#0 D:\wamp\www\yii\framework\db\ar\CActiveFinder.php(260): CActiveFinder->buildJoinTree(Object(CJoinElement), 'owner')
#1 D:\wamp\www\yii\framework\db\ar\CActiveFinder.php(51): CActiveFinder->buildJoinTree(Object(CJoinElement), Array)
#2 D:\wamp\www\yii\framework\db\ar\CActiveRecord.php(1241): CActiveFinder->__construct(Object(User), Array)
#3 D:\wamp\www\yii\framework\db\ar\CActiveRecord.php(1323): CActiveRecord->query(Object(CDbCriteria), true)
#4 D:\wamp\www\test2\protected\controllers\ProductController.php(62): CActiveRecord->findAll()
#5 D:\wamp\www\yii\framework\web\actions\CInlineAction.php(57): ProductController->actionAdmin()
#6 D:\wamp\www\yii\framework\web\CController.php(300): CInlineAction->run()
#7 D:\wamp\www\yii\framework\web\filters\CFilterChain.php(133): CController->runAction(Object(CInlineAction))
#8 D:\wamp\www\yii\framework\web\filters\CFilter.php(41): CFilterChain->run()
#9 D:\wamp\www\yii\framework\web\CController.php(1088): CFilter->filter(Object(CFilterChain))
#10 D:\wamp\www\yii\framework\web\filters\CInlineFilter.php(59): CController->filterAccessControl(Object(CFilterChain))
#11 D:\wamp\www\yii\framework\web\filters\CFilterChain.php(130): CInlineFilter->filter(Object(CFilterChain))
#12 D:\wamp\www\yii\framework\web\CController.php(283): CFilterChain->run()
#13 D:\wamp\www\yii\framework\web\CController.php(257): CController->runActionWithFilters(Object(CInlineAction), Array)
#14 D:\wamp\www\yii\framework\web\CWebApplication.php(328): CController->run('admin')
#15 D:\wamp\www\yii\framework\web\CWebApplication.php(121): CWebApplication->runController('product/admin')
#16 D:\wamp\www\yii\framework\base\CApplication.php(155): CWebApplication->processRequest()
#17 D:\wamp\www\test2\index.php(13): CApplication->run()
#18 {main} REQUEST_URI=/test2/index.php?r=product/admin
2011/03/23 07:38:50 [error] [exception.CDbException] exception 'CDbException' with message 'Relation "owner" is not defined in active record class "User".' in D:\wamp\www\yii\framework\db\ar\CActiveFinder.php:213
Stack trace:
#0 D:\wamp\www\yii\framework\db\ar\CActiveFinder.php(260): CActiveFinder->buildJoinTree(Object(CJoinElement), 'owner')
#1 D:\wamp\www\yii\framework\db\ar\CActiveFinder.php(51): CActiveFinder->buildJoinTree(Object(CJoinElement), Array)
#2 D:\wamp\www\yii\framework\db\ar\CActiveRecord.php(1241): CActiveFinder->__construct(Object(User), Array)
#3 D:\wamp\www\yii\framework\db\ar\CActiveRecord.php(1323): CActiveRecord->query(Object(CDbCriteria), true)
#4 D:\wamp\www\test2\protected\controllers\ProductController.php(62): CActiveRecord->findAll()
#5 D:\wamp\www\yii\framework\web\actions\CInlineAction.php(57): ProductController->actionAdmin()
#6 D:\wamp\www\yii\framework\web\CController.php(300): CInlineAction->run()
#7 D:\wamp\www\yii\framework\web\filters\CFilterChain.php(133): CController->runAction(Object(CInlineAction))
#8 D:\wamp\www\yii\framework\web\filters\CFilter.php(41): CFilterChain->run()
#9 D:\wamp\www\yii\framework\web\CController.php(1088): CFilter->filter(Object(CFilterChain))
#10 D:\wamp\www\yii\framework\web\filters\CInlineFilter.php(59): CController->filterAccessControl(Object(CFilterChain))
#11 D:\wamp\www\yii\framework\web\filters\CFilterChain.php(130): CInlineFilter->filter(Object(CFilterChain))
#12 D:\wamp\www\yii\framework\web\CController.php(283): CFilterChain->run()
#13 D:\wamp\www\yii\framework\web\CController.php(257): CController->runActionWithFilters(Object(CInlineAction), Array)
#14 D:\wamp\www\yii\framework\web\CWebApplication.php(328): CController->run('admin')
#15 D:\wamp\www\yii\framework\web\CWebApplication.php(121): CWebApplication->runController('product/admin')
#16 D:\wamp\www\yii\framework\base\CApplication.php(155): CWebApplication->processRequest()
#17 D:\wamp\www\test2\index.php(13): CApplication->run()
#18 {main} REQUEST_URI=/test2/index.php?r=product/admin
2011/03/23 07:44:58 [error] [exception.CException] exception 'CException' with message 'Property "ProductController._model" is not defined.' in D:\wamp\www\yii\framework\base\CComponent.php:131
Stack trace:
#0 D:\wamp\www\test2\protected\controllers\ProductController.php(95): CComponent->__get('_model')
#1 D:\wamp\www\test2\protected\controllers\ProductController.php(60): ProductController->loadUser()
#2 D:\wamp\www\yii\framework\web\actions\CInlineAction.php(57): ProductController->actionAdmin()
#3 D:\wamp\www\yii\framework\web\CController.php(300): CInlineAction->run()
#4 D:\wamp\www\yii\framework\web\filters\CFilterChain.php(133): CController->runAction(Object(CInlineAction))
#5 D:\wamp\www\yii\framework\web\filters\CFilter.php(41): CFilterChain->run()
#6 D:\wamp\www\yii\framework\web\CController.php(1088): CFilter->filter(Object(CFilterChain))
#7 D:\wamp\www\yii\framework\web\filters\CInlineFilter.php(59): CController->filterAccessControl(Object(CFilterChain))
#8 D:\wamp\www\yii\framework\web\filters\CFilterChain.php(130): CInlineFilter->filter(Object(CFilterChain))
#9 D:\wamp\www\yii\framework\web\CController.php(283): CFilterChain->run()
#10 D:\wamp\www\yii\framework\web\CController.php(257): CController->runActionWithFilters(Object(CInlineAction), Array)
#11 D:\wamp\www\yii\framework\web\CWebApplication.php(328): CController->run('admin')
#12 D:\wamp\www\yii\framework\web\CWebApplication.php(121): CWebApplication->runController('product/admin')
#13 D:\wamp\www\yii\framework\base\CApplication.php(155): CWebApplication->processRequest()
#14 D:\wamp\www\test2\index.php(13): CApplication->run()
#15 {main} REQUEST_URI=/test2/index.php?r=product/admin
2011/03/23 07:46:49 [error] [exception.CException] exception 'CException' with message 'Property "ProductController._model" is not defined.' in D:\wamp\www\yii\framework\base\CComponent.php:131
Stack trace:
#0 D:\wamp\www\test2\protected\controllers\ProductController.php(90): CComponent->__get('_model')
#1 D:\wamp\www\test2\protected\controllers\ProductController.php(60): ProductController->loadUser()
#2 D:\wamp\www\yii\framework\web\actions\CInlineAction.php(57): ProductController->actionAdmin()
#3 D:\wamp\www\yii\framework\web\CController.php(300): CInlineAction->run()
#4 D:\wamp\www\yii\framework\web\filters\CFilterChain.php(133): CController->runAction(Object(CInlineAction))
#5 D:\wamp\www\yii\framework\web\filters\CFilter.php(41): CFilterChain->run()
#6 D:\wamp\www\yii\framework\web\CController.php(1088): CFilter->filter(Object(CFilterChain))
#7 D:\wamp\www\yii\framework\web\filters\CInlineFilter.php(59): CController->filterAccessControl(Object(CFilterChain))
#8 D:\wamp\www\yii\framework\web\filters\CFilterChain.php(130): CInlineFilter->filter(Object(CFilterChain))
#9 D:\wamp\www\yii\framework\web\CController.php(283): CFilterChain->run()
#10 D:\wamp\www\yii\framework\web\CController.php(257): CController->runActionWithFilters(Object(CInlineAction), Array)
#11 D:\wamp\www\yii\framework\web\CWebApplication.php(328): CController->run('admin')
#12 D:\wamp\www\yii\framework\web\CWebApplication.php(121): CWebApplication->runController('product/admin')
#13 D:\wamp\www\yii\framework\base\CApplication.php(155): CWebApplication->processRequest()
#14 D:\wamp\www\test2\index.php(13): CApplication->run()
#15 {main} REQUEST_URI=/test2/index.php?r=product/admin
